生成启动时间为 2018/1/22 21:17:36。
     1>项目“C:\Users\lz\Desktop\3Dsim\3Dsim\3Dsim.vcxproj”在节点 2 上(Rebuild 个目标)。
     1>ClCompile:
         D:\2_tmp\Microsoft Visual Studio 12.0\VC\bin\CL.exe /c /Zi /nologo /W3 /WX- /Od /Oy- /D WIN32 /D _DEBUG /D _CONSOLE /Gm /EHsc /RTC1 /MDd /GS /fp:precise /Zc:wchar_t /Zc:forScope /Fo"Debug\\" /Fd"Debug\vc120.pdb" /Gd /TC /analyze- /errorReport:prompt avlTree.c buffer.c fcl.c flash.c ftl.c initialize.c interface.c ssd.c
         ssd.c
     1>ssd.c(193): warning C4101: “p”: 未引用的局部变量
     1>ssd.c(193): warning C4101: “n”: 未引用的局部变量
     1>ssd.c(273): warning C4101: “p”: 未引用的局部变量
     1>ssd.c(273): warning C4101: “m”: 未引用的局部变量
     1>ssd.c(358): warning C4101: “p”: 未引用的局部变量
     1>ssd.c(358): warning C4101: “k”: 未引用的局部变量
     1>ssd.c(358): warning C4101: “m”: 未引用的局部变量
     1>ssd.c(358): warning C4101: “j”: 未引用的局部变量
         interface.c
     1>interface.c(82): warning C4996: 'sscanf': This function or variable may be unsafe. Consider using sscanf_s instead. To disable deprecation, use _CRT_SECURE_NO_WARNINGS. See online help for details.
                 D:\2_tmp\Microsoft Visual Studio 12.0\VC\include\stdio.h(304) : 参见“sscanf”的声明
     1>interface.c(84): warning C4018: “<”: 有符号/无符号不匹配
     1>interface.c(118): warning C4018: “>=”: 有符号/无符号不匹配
     1>interface.c(151): warning C4018: “>=”: 有符号/无符号不匹配
     1>interface.c(239): warning C4996: 'sscanf': This function or variable may be unsafe. Consider using sscanf_s instead. To disable deprecation, use _CRT_SECURE_NO_WARNINGS. See online help for details.
                 D:\2_tmp\Microsoft Visual Studio 12.0\VC\include\stdio.h(304) : 参见“sscanf”的声明
         initialize.c
     1>initialize.c(131): warning C4013: “alloc_assert”未定义；假设外部返回 int
     1>initialize.c(551): warning C4996: 'sscanf': This function or variable may be unsafe. Consider using sscanf_s instead. To disable deprecation, use _CRT_SECURE_NO_WARNINGS. See online help for details.
                 D:\2_tmp\Microsoft Visual Studio 12.0\VC\include\stdio.h(304) : 参见“sscanf”的声明
     1>initialize.c(553): warning C4996: 'sscanf': This function or variable may be unsafe. Consider using sscanf_s instead. To disable deprecation, use _CRT_SECURE_NO_WARNINGS. See online help for details.
                 D:\2_tmp\Microsoft Visual Studio 12.0\VC\include\stdio.h(304) : 参见“sscanf”的声明
     1>initialize.c(555): warning C4996: 'sscanf': This function or variable may be unsafe. Consider using sscanf_s instead. To disable deprecation, use _CRT_SECURE_NO_WARNINGS. See online help for details.
                 D:\2_tmp\Microsoft Visual Studio 12.0\VC\include\stdio.h(304) : 参见“sscanf”的声明
     1>initialize.c(557): warning C4996: 'sscanf': This function or variable may be unsafe. Consider using sscanf_s instead. To disable deprecation, use _CRT_SECURE_NO_WARNINGS. See online help for details.
                 D:\2_tmp\Microsoft Visual Studio 12.0\VC\include\stdio.h(304) : 参见“sscanf”的声明
     1>initialize.c(559): warning C4996: 'sscanf': This function or variable may be unsafe. Consider using sscanf_s instead. To disable deprecation, use _CRT_SECURE_NO_WARNINGS. See online help for details.
                 D:\2_tmp\Microsoft Visual Studio 12.0\VC\include\stdio.h(304) : 参见“sscanf”的声明
     1>initialize.c(561): warning C4996: 'sscanf': This function or variable may be unsafe. Consider using sscanf_s instead. To disable deprecation, use _CRT_SECURE_NO_WARNINGS. See online help for details.
                 D:\2_tmp\Microsoft Visual Studio 12.0\VC\include\stdio.h(304) : 参见“sscanf”的声明
     1>initialize.c(563): warning C4996: 'sscanf': This function or variable may be unsafe. Consider using sscanf_s instead. To disable deprecation, use _CRT_SECURE_NO_WARNINGS. See online help for details.
                 D:\2_tmp\Microsoft Visual Studio 12.0\VC\include\stdio.h(304) : 参见“sscanf”的声明
     1>initialize.c(565): warning C4996: 'sscanf': This function or variable may be unsafe. Consider using sscanf_s instead. To disable deprecation, use _CRT_SECURE_NO_WARNINGS. See online help for details.
                 D:\2_tmp\Microsoft Visual Studio 12.0\VC\include\stdio.h(304) : 参见“sscanf”的声明
     1>initialize.c(567): warning C4996: 'sscanf': This function or variable may be unsafe. Consider using sscanf_s instead. To disable deprecation, use _CRT_SECURE_NO_WARNINGS. See online help for details.
                 D:\2_tmp\Microsoft Visual Studio 12.0\VC\include\stdio.h(304) : 参见“sscanf”的声明
     1>initialize.c(569): warning C4996: 'sscanf': This function or variable may be unsafe. Consider using sscanf_s instead. To disable deprecation, use _CRT_SECURE_NO_WARNINGS. See online help for details.
                 D:\2_tmp\Microsoft Visual Studio 12.0\VC\include\stdio.h(304) : 参见“sscanf”的声明
     1>initialize.c(571): warning C4996: 'sscanf': This function or variable may be unsafe. Consider using sscanf_s instead. To disable deprecation, use _CRT_SECURE_NO_WARNINGS. See online help for details.
                 D:\2_tmp\Microsoft Visual Studio 12.0\VC\include\stdio.h(304) : 参见“sscanf”的声明
     1>initialize.c(573): warning C4996: 'sscanf': This function or variable may be unsafe. Consider using sscanf_s instead. To disable deprecation, use _CRT_SECURE_NO_WARNINGS. See online help for details.
                 D:\2_tmp\Microsoft Visual Studio 12.0\VC\include\stdio.h(304) : 参见“sscanf”的声明
     1>initialize.c(575): warning C4996: 'sscanf': This function or variable may be unsafe. Consider using sscanf_s instead. To disable deprecation, use _CRT_SECURE_NO_WARNINGS. See online help for details.
                 D:\2_tmp\Microsoft Visual Studio 12.0\VC\include\stdio.h(304) : 参见“sscanf”的声明
     1>initialize.c(577): warning C4996: 'sscanf': This function or variable may be unsafe. Consider using sscanf_s instead. To disable deprecation, use _CRT_SECURE_NO_WARNINGS. See online help for details.
                 D:\2_tmp\Microsoft Visual Studio 12.0\VC\include\stdio.h(304) : 参见“sscanf”的声明
     1>initialize.c(579): warning C4996: 'sscanf': This function or variable may be unsafe. Consider using sscanf_s instead. To disable deprecation, use _CRT_SECURE_NO_WARNINGS. See online help for details.
                 D:\2_tmp\Microsoft Visual Studio 12.0\VC\include\stdio.h(304) : 参见“sscanf”的声明
     1>initialize.c(581): warning C4996: 'sscanf': This function or variable may be unsafe. Consider using sscanf_s instead. To disable deprecation, use _CRT_SECURE_NO_WARNINGS. See online help for details.
                 D:\2_tmp\Microsoft Visual Studio 12.0\VC\include\stdio.h(304) : 参见“sscanf”的声明
     1>initialize.c(583): warning C4996: 'sscanf': This function or variable may be unsafe. Consider using sscanf_s instead. To disable deprecation, use _CRT_SECURE_NO_WARNINGS. See online help for details.
                 D:\2_tmp\Microsoft Visual Studio 12.0\VC\include\stdio.h(304) : 参见“sscanf”的声明
     1>initialize.c(585): warning C4996: 'sscanf': This function or variable may be unsafe. Consider using sscanf_s instead. To disable deprecation, use _CRT_SECURE_NO_WARNINGS. See online help for details.
                 D:\2_tmp\Microsoft Visual Studio 12.0\VC\include\stdio.h(304) : 参见“sscanf”的声明
     1>initialize.c(587): warning C4996: 'sscanf': This function or variable may be unsafe. Consider using sscanf_s instead. To disable deprecation, use _CRT_SECURE_NO_WARNINGS. See online help for details.
                 D:\2_tmp\Microsoft Visual Studio 12.0\VC\include\stdio.h(304) : 参见“sscanf”的声明
     1>initialize.c(589): warning C4996: 'sscanf': This function or variable may be unsafe. Consider using sscanf_s instead. To disable deprecation, use _CRT_SECURE_NO_WARNINGS. See online help for details.
                 D:\2_tmp\Microsoft Visual Studio 12.0\VC\include\stdio.h(304) : 参见“sscanf”的声明
     1>initialize.c(591): warning C4996: 'sscanf': This function or variable may be unsafe. Consider using sscanf_s instead. To disable deprecation, use _CRT_SECURE_NO_WARNINGS. See online help for details.
                 D:\2_tmp\Microsoft Visual Studio 12.0\VC\include\stdio.h(304) : 参见“sscanf”的声明
     1>initialize.c(593): warning C4996: 'sscanf': This function or variable may be unsafe. Consider using sscanf_s instead. To disable deprecation, use _CRT_SECURE_NO_WARNINGS. See online help for details.
                 D:\2_tmp\Microsoft Visual Studio 12.0\VC\include\stdio.h(304) : 参见“sscanf”的声明
     1>initialize.c(595): warning C4996: 'sscanf': This function or variable may be unsafe. Consider using sscanf_s instead. To disable deprecation, use _CRT_SECURE_NO_WARNINGS. See online help for details.
                 D:\2_tmp\Microsoft Visual Studio 12.0\VC\include\stdio.h(304) : 参见“sscanf”的声明
     1>initialize.c(597): warning C4996: 'sscanf': This function or variable may be unsafe. Consider using sscanf_s instead. To disable deprecation, use _CRT_SECURE_NO_WARNINGS. See online help for details.
                 D:\2_tmp\Microsoft Visual Studio 12.0\VC\include\stdio.h(304) : 参见“sscanf”的声明
     1>initialize.c(599): warning C4996: 'sscanf': This function or variable may be unsafe. Consider using sscanf_s instead. To disable deprecation, use _CRT_SECURE_NO_WARNINGS. See online help for details.
                 D:\2_tmp\Microsoft Visual Studio 12.0\VC\include\stdio.h(304) : 参见“sscanf”的声明
     1>initialize.c(601): warning C4996: 'sscanf': This function or variable may be unsafe. Consider using sscanf_s instead. To disable deprecation, use _CRT_SECURE_NO_WARNINGS. See online help for details.
                 D:\2_tmp\Microsoft Visual Studio 12.0\VC\include\stdio.h(304) : 参见“sscanf”的声明
     1>initialize.c(603): warning C4996: 'sscanf': This function or variable may be unsafe. Consider using sscanf_s instead. To disable deprecation, use _CRT_SECURE_NO_WARNINGS. See online help for details.
                 D:\2_tmp\Microsoft Visual Studio 12.0\VC\include\stdio.h(304) : 参见“sscanf”的声明
     1>initialize.c(605): warning C4996: 'sscanf': This function or variable may be unsafe. Consider using sscanf_s instead. To disable deprecation, use _CRT_SECURE_NO_WARNINGS. See online help for details.
                 D:\2_tmp\Microsoft Visual Studio 12.0\VC\include\stdio.h(304) : 参见“sscanf”的声明
     1>initialize.c(607): warning C4996: 'sscanf': This function or variable may be unsafe. Consider using sscanf_s instead. To disable deprecation, use _CRT_SECURE_NO_WARNINGS. See online help for details.
                 D:\2_tmp\Microsoft Visual Studio 12.0\VC\include\stdio.h(304) : 参见“sscanf”的声明
     1>initialize.c(609): warning C4996: 'sscanf': This function or variable may be unsafe. Consider using sscanf_s instead. To disable deprecation, use _CRT_SECURE_NO_WARNINGS. See online help for details.
                 D:\2_tmp\Microsoft Visual Studio 12.0\VC\include\stdio.h(304) : 参见“sscanf”的声明
     1>initialize.c(611): warning C4996: 'sscanf': This function or variable may be unsafe. Consider using sscanf_s instead. To disable deprecation, use _CRT_SECURE_NO_WARNINGS. See online help for details.
                 D:\2_tmp\Microsoft Visual Studio 12.0\VC\include\stdio.h(304) : 参见“sscanf”的声明
     1>initialize.c(613): warning C4996: 'sscanf': This function or variable may be unsafe. Consider using sscanf_s instead. To disable deprecation, use _CRT_SECURE_NO_WARNINGS. See online help for details.
                 D:\2_tmp\Microsoft Visual Studio 12.0\VC\include\stdio.h(304) : 参见“sscanf”的声明
     1>initialize.c(615): warning C4996: 'sscanf': This function or variable may be unsafe. Consider using sscanf_s instead. To disable deprecation, use _CRT_SECURE_NO_WARNINGS. See online help for details.
                 D:\2_tmp\Microsoft Visual Studio 12.0\VC\include\stdio.h(304) : 参见“sscanf”的声明
     1>initialize.c(617): warning C4996: 'sscanf': This function or variable may be unsafe. Consider using sscanf_s instead. To disable deprecation, use _CRT_SECURE_NO_WARNINGS. See online help for details.
                 D:\2_tmp\Microsoft Visual Studio 12.0\VC\include\stdio.h(304) : 参见“sscanf”的声明
     1>initialize.c(619): warning C4996: 'sscanf': This function or variable may be unsafe. Consider using sscanf_s instead. To disable deprecation, use _CRT_SECURE_NO_WARNINGS. See online help for details.
                 D:\2_tmp\Microsoft Visual Studio 12.0\VC\include\stdio.h(304) : 参见“sscanf”的声明
     1>initialize.c(621): warning C4996: 'sscanf': This function or variable may be unsafe. Consider using sscanf_s instead. To disable deprecation, use _CRT_SECURE_NO_WARNINGS. See online help for details.
                 D:\2_tmp\Microsoft Visual Studio 12.0\VC\include\stdio.h(304) : 参见“sscanf”的声明
     1>initialize.c(623): warning C4996: 'sscanf': This function or variable may be unsafe. Consider using sscanf_s instead. To disable deprecation, use _CRT_SECURE_NO_WARNINGS. See online help for details.
                 D:\2_tmp\Microsoft Visual Studio 12.0\VC\include\stdio.h(304) : 参见“sscanf”的声明
     1>initialize.c(625): warning C4996: 'sscanf': This function or variable may be unsafe. Consider using sscanf_s instead. To disable deprecation, use _CRT_SECURE_NO_WARNINGS. See online help for details.
                 D:\2_tmp\Microsoft Visual Studio 12.0\VC\include\stdio.h(304) : 参见“sscanf”的声明
     1>initialize.c(627): warning C4996: 'sscanf': This function or variable may be unsafe. Consider using sscanf_s instead. To disable deprecation, use _CRT_SECURE_NO_WARNINGS. See online help for details.
                 D:\2_tmp\Microsoft Visual Studio 12.0\VC\include\stdio.h(304) : 参见“sscanf”的声明
     1>initialize.c(629): warning C4996: 'sscanf': This function or variable may be unsafe. Consider using sscanf_s instead. To disable deprecation, use _CRT_SECURE_NO_WARNINGS. See online help for details.
                 D:\2_tmp\Microsoft Visual Studio 12.0\VC\include\stdio.h(304) : 参见“sscanf”的声明
     1>initialize.c(631): warning C4996: 'sscanf': This function or variable may be unsafe. Consider using sscanf_s instead. To disable deprecation, use _CRT_SECURE_NO_WARNINGS. See online help for details.
                 D:\2_tmp\Microsoft Visual Studio 12.0\VC\include\stdio.h(304) : 参见“sscanf”的声明
     1>initialize.c(633): warning C4996: 'sscanf': This function or variable may be unsafe. Consider using sscanf_s instead. To disable deprecation, use _CRT_SECURE_NO_WARNINGS. See online help for details.
                 D:\2_tmp\Microsoft Visual Studio 12.0\VC\include\stdio.h(304) : 参见“sscanf”的声明
     1>initialize.c(635): warning C4996: 'sscanf': This function or variable may be unsafe. Consider using sscanf_s instead. To disable deprecation, use _CRT_SECURE_NO_WARNINGS. See online help for details.
                 D:\2_tmp\Microsoft Visual Studio 12.0\VC\include\stdio.h(304) : 参见“sscanf”的声明
     1>initialize.c(637): warning C4996: 'sscanf': This function or variable may be unsafe. Consider using sscanf_s instead. To disable deprecation, use _CRT_SECURE_NO_WARNINGS. See online help for details.
                 D:\2_tmp\Microsoft Visual Studio 12.0\VC\include\stdio.h(304) : 参见“sscanf”的声明
     1>initialize.c(639): warning C4996: 'sscanf': This function or variable may be unsafe. Consider using sscanf_s instead. To disable deprecation, use _CRT_SECURE_NO_WARNINGS. See online help for details.
                 D:\2_tmp\Microsoft Visual Studio 12.0\VC\include\stdio.h(304) : 参见“sscanf”的声明
     1>initialize.c(641): warning C4996: 'sscanf': This function or variable may be unsafe. Consider using sscanf_s instead. To disable deprecation, use _CRT_SECURE_NO_WARNINGS. See online help for details.
                 D:\2_tmp\Microsoft Visual Studio 12.0\VC\include\stdio.h(304) : 参见“sscanf”的声明
     1>initialize.c(643): warning C4996: 'sscanf': This function or variable may be unsafe. Consider using sscanf_s instead. To disable deprecation, use _CRT_SECURE_NO_WARNINGS. See online help for details.
                 D:\2_tmp\Microsoft Visual Studio 12.0\VC\include\stdio.h(304) : 参见“sscanf”的声明
     1>initialize.c(645): warning C4996: 'sscanf': This function or variable may be unsafe. Consider using sscanf_s instead. To disable deprecation, use _CRT_SECURE_NO_WARNINGS. See online help for details.
                 D:\2_tmp\Microsoft Visual Studio 12.0\VC\include\stdio.h(304) : 参见“sscanf”的声明
     1>initialize.c(647): warning C4996: 'sscanf': This function or variable may be unsafe. Consider using sscanf_s instead. To disable deprecation, use _CRT_SECURE_NO_WARNINGS. See online help for details.
                 D:\2_tmp\Microsoft Visual Studio 12.0\VC\include\stdio.h(304) : 参见“sscanf”的声明
     1>initialize.c(649): warning C4996: 'sscanf': This function or variable may be unsafe. Consider using sscanf_s instead. To disable deprecation, use _CRT_SECURE_NO_WARNINGS. See online help for details.
                 D:\2_tmp\Microsoft Visual Studio 12.0\VC\include\stdio.h(304) : 参见“sscanf”的声明
     1>initialize.c(651): warning C4996: 'sscanf': This function or variable may be unsafe. Consider using sscanf_s instead. To disable deprecation, use _CRT_SECURE_NO_WARNINGS. See online help for details.
                 D:\2_tmp\Microsoft Visual Studio 12.0\VC\include\stdio.h(304) : 参见“sscanf”的声明
     1>initialize.c(653): warning C4996: 'sscanf': This function or variable may be unsafe. Consider using sscanf_s instead. To disable deprecation, use _CRT_SECURE_NO_WARNINGS. See online help for details.
                 D:\2_tmp\Microsoft Visual Studio 12.0\VC\include\stdio.h(304) : 参见“sscanf”的声明
     1>initialize.c(655): warning C4996: 'sscanf': This function or variable may be unsafe. Consider using sscanf_s instead. To disable deprecation, use _CRT_SECURE_NO_WARNINGS. See online help for details.
                 D:\2_tmp\Microsoft Visual Studio 12.0\VC\include\stdio.h(304) : 参见“sscanf”的声明
     1>initialize.c(657): warning C4996: 'sscanf': This function or variable may be unsafe. Consider using sscanf_s instead. To disable deprecation, use _CRT_SECURE_NO_WARNINGS. See online help for details.
                 D:\2_tmp\Microsoft Visual Studio 12.0\VC\include\stdio.h(304) : 参见“sscanf”的声明
     1>initialize.c(659): warning C4996: 'sscanf': This function or variable may be unsafe. Consider using sscanf_s instead. To disable deprecation, use _CRT_SECURE_NO_WARNINGS. See online help for details.
                 D:\2_tmp\Microsoft Visual Studio 12.0\VC\include\stdio.h(304) : 参见“sscanf”的声明
     1>initialize.c(661): warning C4996: 'sscanf': This function or variable may be unsafe. Consider using sscanf_s instead. To disable deprecation, use _CRT_SECURE_NO_WARNINGS. See online help for details.
                 D:\2_tmp\Microsoft Visual Studio 12.0\VC\include\stdio.h(304) : 参见“sscanf”的声明
     1>initialize.c(663): warning C4996: 'sscanf': This function or variable may be unsafe. Consider using sscanf_s instead. To disable deprecation, use _CRT_SECURE_NO_WARNINGS. See online help for details.
                 D:\2_tmp\Microsoft Visual Studio 12.0\VC\include\stdio.h(304) : 参见“sscanf”的声明
     1>initialize.c(665): warning C4996: 'sscanf': This function or variable may be unsafe. Consider using sscanf_s instead. To disable deprecation, use _CRT_SECURE_NO_WARNINGS. See online help for details.
                 D:\2_tmp\Microsoft Visual Studio 12.0\VC\include\stdio.h(304) : 参见“sscanf”的声明
     1>initialize.c(667): warning C4996: 'sscanf': This function or variable may be unsafe. Consider using sscanf_s instead. To disable deprecation, use _CRT_SECURE_NO_WARNINGS. See online help for details.
                 D:\2_tmp\Microsoft Visual Studio 12.0\VC\include\stdio.h(304) : 参见“sscanf”的声明
     1>initialize.c(669): warning C4996: 'sscanf': This function or variable may be unsafe. Consider using sscanf_s instead. To disable deprecation, use _CRT_SECURE_NO_WARNINGS. See online help for details.
                 D:\2_tmp\Microsoft Visual Studio 12.0\VC\include\stdio.h(304) : 参见“sscanf”的声明
     1>initialize.c(671): warning C4996: 'sscanf': This function or variable may be unsafe. Consider using sscanf_s instead. To disable deprecation, use _CRT_SECURE_NO_WARNINGS. See online help for details.
                 D:\2_tmp\Microsoft Visual Studio 12.0\VC\include\stdio.h(304) : 参见“sscanf”的声明
     1>initialize.c(673): warning C4996: 'sscanf': This function or variable may be unsafe. Consider using sscanf_s instead. To disable deprecation, use _CRT_SECURE_NO_WARNINGS. See online help for details.
                 D:\2_tmp\Microsoft Visual Studio 12.0\VC\include\stdio.h(304) : 参见“sscanf”的声明
     1>initialize.c(675): warning C4996: 'sscanf': This function or variable may be unsafe. Consider using sscanf_s instead. To disable deprecation, use _CRT_SECURE_NO_WARNINGS. See online help for details.
                 D:\2_tmp\Microsoft Visual Studio 12.0\VC\include\stdio.h(304) : 参见“sscanf”的声明
     1>initialize.c(678): warning C4996: 'sscanf': This function or variable may be unsafe. Consider using sscanf_s instead. To disable deprecation, use _CRT_SECURE_NO_WARNINGS. See online help for details.
                 D:\2_tmp\Microsoft Visual Studio 12.0\VC\include\stdio.h(304) : 参见“sscanf”的声明
     1>initialize.c(679): warning C4996: 'sscanf': This function or variable may be unsafe. Consider using sscanf_s instead. To disable deprecation, use _CRT_SECURE_NO_WARNINGS. See online help for details.
                 D:\2_tmp\Microsoft Visual Studio 12.0\VC\include\stdio.h(304) : 参见“sscanf”的声明
         ftl.c
     1>ftl.c(480): warning C4018: “>”: 有符号/无符号不匹配
     1>ftl.c(939): warning C4101: “plane”: 未引用的局部变量
     1>ftl.c(1078): warning C4101: “active_block1”: 未引用的局部变量
     1>ftl.c(1078): warning C4101: “active_block2”: 未引用的局部变量
     1>ftl.c(1081): warning C4101: “block2”: 未引用的局部变量
     1>ftl.c(1081): warning C4101: “block1”: 未引用的局部变量
     1>ftl.c(1346): warning C4018: “>”: 有符号/无符号不匹配
         flash.c
     1>flash.c(153): warning C4018: “>”: 有符号/无符号不匹配
         fcl.c
     1>fcl.c(58): warning C4018: “<”: 有符号/无符号不匹配
     1>fcl.c(222): warning C4101: “add_reg”: 未引用的局部变量
     1>fcl.c(943): warning C4244: “=”: 从“double”转换到“__int64”，可能丢失数据
     1>fcl.c(947): warning C4244: “=”: 从“double”转换到“__int64”，可能丢失数据
     1>fcl.c(951): warning C4244: “=”: 从“double”转换到“__int64”，可能丢失数据
     1>fcl.c(1262): warning C4018: “>”: 有符号/无符号不匹配
     1>fcl.c(1399): warning C4101: “plane”: 未引用的局部变量
     1>fcl.c(1395): warning C4101: “j”: 未引用的局部变量
     1>fcl.c(1589): warning C4018: “>”: 有符号/无符号不匹配
         buffer.c
     1>buffer.c(698): warning C4101: “key”: 未引用的局部变量
     1>buffer.c(698): warning C4101: “buffer_node”: 未引用的局部变量
     1>buffer.c(1219): warning C4101: “die”: 未引用的局部变量
     1>buffer.c(1219): warning C4101: “channel”: 未引用的局部变量
     1>buffer.c(1219): warning C4101: “chip”: 未引用的局部变量
     1>buffer.c(1219): warning C4101: “plane”: 未引用的局部变量
         avlTree.c
         正在生成代码...
       Link:
         D:\2_tmp\Microsoft Visual Studio 12.0\VC\bin\link.exe /ERRORREPORT:PROMPT /OUT:"C:\Users\lz\Desktop\3Dsim\3Dsim\Debug\3Dsim.exe" /INCREMENTAL /NOLOGO kernel32.lib user32.lib gdi32.lib winspool.lib comdlg32.lib advapi32.lib shell32.lib ole32.lib oleaut32.lib uuid.lib odbc32.lib odbccp32.lib /MANIFEST /MANIFESTUAC:"level='asInvoker' uiAccess='false'" /manifest:embed /DEBUG /PDB:"C:\Users\lz\Desktop\3Dsim\3Dsim\Debug\3Dsim.pdb" /SUBSYSTEM:CONSOLE /TLBID:1 /DYNAMICBASE /NXCOMPAT /IMPLIB:"C:\Users\lz\Desktop\3Dsim\3Dsim\Debug\3Dsim.lib" /MACHINE:X86 Debug\avlTree.obj
         Debug\buffer.obj
         Debug\fcl.obj
         Debug\flash.obj
         Debug\ftl.obj
         Debug\initialize.obj
         Debug\interface.obj
         Debug\ssd.obj
         3Dsim.vcxproj -> C:\Users\lz\Desktop\3Dsim\3Dsim\Debug\3Dsim.exe
     1>已完成生成项目“C:\Users\lz\Desktop\3Dsim\3Dsim\3Dsim.vcxproj”(Rebuild 个目标)的操作。

生成成功。

已用时间 00:00:03.13
